Flow report for MultiBC
Thu Oct 30 16:03:53 2025
Quartus Prime Version 18.1.0 Build 625 09/12/2018 SJ Lite Edition


---------------------
; Table of Contents ;
---------------------
  1. Legal Notice
  2. Flow Summary
  3. Flow Settings
  4. Flow Non-Default Global Settings
  5. Flow Elapsed Time
  6. Flow OS Summary
  7. Flow Log
  8. Flow Messages
  9. Flow Suppressed Messages



----------------
; Legal Notice ;
----------------
Copyright (C) 2018  Intel Corporation. All rights reserved.
Your use of Intel Corporation's design tools, logic functions 
and other software and tools, and its AMPP partner logic 
functions, and any output files from any of the foregoing 
(including device programming or simulation files), and any 
associated documentation or information are expressly subject 
to the terms and conditions of the Intel Program License 
Subscription Agreement, the Intel Quartus Prime License Agreement,
the Intel FPGA IP License Agreement, or other applicable license
agreement, including, without limitation, that your use is for
the sole purpose of programming logic devices manufactured by
Intel and sold by Intel or its authorized distributors.  Please
refer to the applicable agreement for further details.



+----------------------------------------------------------------------------------+
; Flow Summary                                                                     ;
+------------------------------------+---------------------------------------------+
; Flow Status                        ; Successful - Thu Oct 30 16:03:53 2025       ;
; Quartus Prime Version              ; 18.1.0 Build 625 09/12/2018 SJ Lite Edition ;
; Revision Name                      ; MultiBC                                     ;
; Top-level Entity Name              ; MultiBC                                     ;
; Family                             ; Cyclone IV E                                ;
; Device                             ; EP4CE22F17C7                                ;
; Timing Models                      ; Final                                       ;
; Total logic elements               ; 13 / 22,320 ( < 1 % )                       ;
;     Total combinational functions  ; 9 / 22,320 ( < 1 % )                        ;
;     Dedicated logic registers      ; 8 / 22,320 ( < 1 % )                        ;
; Total registers                    ; 8                                           ;
; Total pins                         ; 16 / 154 ( 10 % )                           ;
; Total virtual pins                 ; 0                                           ;
; Total memory bits                  ; 0 / 608,256 ( 0 % )                         ;
; Embedded Multiplier 9-bit elements ; 0 / 132 ( 0 % )                             ;
; Total PLLs                         ; 0 / 4 ( 0 % )                               ;
+------------------------------------+---------------------------------------------+


+-----------------------------------------+
; Flow Settings                           ;
+-------------------+---------------------+
; Option            ; Setting             ;
+-------------------+---------------------+
; Start date & time ; 10/30/2025 16:01:05 ;
; Main task         ; Compilation         ;
; Revision Name     ; MultiBC             ;
+-------------------+---------------------+


+-----------------------------------------------------------------------------------------------------------------------------+
; Flow Non-Default Global Settings                                                                                            ;
+-------------------------------------+----------------------------------------+---------------+-------------+----------------+
; Assignment Name                     ; Value                                  ; Default Value ; Entity Name ; Section Id     ;
+-------------------------------------+----------------------------------------+---------------+-------------+----------------+
; COMPILER_SIGNATURE_ID               ; 256134807449955.176185086421088        ; --            ; --          ; --             ;
; EDA_OUTPUT_DATA_FORMAT              ; Verilog Hdl                            ; --            ; --          ; eda_simulation ;
; EDA_SIMULATION_TOOL                 ; ModelSim-Altera (Verilog)              ; <None>        ; --          ; --             ;
; EDA_TIME_SCALE                      ; 1 ps                                   ; --            ; --          ; eda_simulation ;
; MAX_CORE_JUNCTION_TEMP              ; 85                                     ; --            ; --          ; --             ;
; MIN_CORE_JUNCTION_TEMP              ; 0                                      ; --            ; --          ; --             ;
; NOMINAL_CORE_SUPPLY_VOLTAGE         ; 1.2V                                   ; --            ; --          ; --             ;
; PARTITION_COLOR                     ; -- (Not supported for targeted family) ; --            ; --          ; Top            ;
; PARTITION_FITTER_PRESERVATION_LEVEL ; -- (Not supported for targeted family) ; --            ; --          ; Top            ;
; PARTITION_NETLIST_TYPE              ; -- (Not supported for targeted family) ; --            ; --          ; Top            ;
; POWER_BOARD_THERMAL_MODEL           ; None (CONSERVATIVE)                    ; --            ; --          ; --             ;
; POWER_PRESET_COOLING_SOLUTION       ; 23 MM HEAT SINK WITH 200 LFPM AIRFLOW  ; --            ; --          ; --             ;
; PROJECT_OUTPUT_DIRECTORY            ; output_files                           ; --            ; --          ; --             ;
+-------------------------------------+----------------------------------------+---------------+-------------+----------------+


+--------------------------------------------------------------------------------------------------------------------------+
; Flow Elapsed Time                                                                                                        ;
+----------------------+--------------+-------------------------+---------------------+------------------------------------+
; Module Name          ; Elapsed Time ; Average Processors Used ; Peak Virtual Memory ; Total CPU Time (on all processors) ;
+----------------------+--------------+-------------------------+---------------------+------------------------------------+
; Analysis & Synthesis ; 00:00:33     ; 1.0                     ; 4801 MB             ; 00:01:15                           ;
; Fitter               ; 00:00:15     ; 1.0                     ; 5509 MB             ; 00:00:19                           ;
; Assembler            ; 00:00:04     ; 1.0                     ; 4677 MB             ; 00:00:04                           ;
; Timing Analyzer      ; 00:00:06     ; 1.0                     ; 4763 MB             ; 00:00:05                           ;
; EDA Netlist Writer   ; 00:00:03     ; 1.0                     ; 4639 MB             ; 00:00:03                           ;
; EDA Netlist Writer   ; 00:00:02     ; 1.0                     ; 4626 MB             ; 00:00:02                           ;
; EDA Netlist Writer   ; 00:00:02     ; 1.0                     ; 4635 MB             ; 00:00:02                           ;
; EDA Netlist Writer   ; 00:00:02     ; 1.0                     ; 4626 MB             ; 00:00:02                           ;
; EDA Netlist Writer   ; 00:00:03     ; 1.0                     ; 4643 MB             ; 00:00:03                           ;
; Total                ; 00:01:10     ; --                      ; --                  ; 00:01:55                           ;
+----------------------+--------------+-------------------------+---------------------+------------------------------------+


+------------------------------------------------------------------------------------+
; Flow OS Summary                                                                    ;
+----------------------+------------------+------------+------------+----------------+
; Module Name          ; Machine Hostname ; OS Name    ; OS Version ; Processor type ;
+----------------------+------------------+------------+------------+----------------+
; Analysis & Synthesis ; Fede-PCBOX       ; Windows 10 ; 10.0       ; x86_64         ;
; Fitter               ; Fede-PCBOX       ; Windows 10 ; 10.0       ; x86_64         ;
; Assembler            ; Fede-PCBOX       ; Windows 10 ; 10.0       ; x86_64         ;
; Timing Analyzer      ; Fede-PCBOX       ; Windows 10 ; 10.0       ; x86_64         ;
; EDA Netlist Writer   ; Fede-PCBOX       ; Windows 10 ; 10.0       ; x86_64         ;
; EDA Netlist Writer   ; Fede-PCBOX       ; Windows 10 ; 10.0       ; x86_64         ;
; EDA Netlist Writer   ; Fede-PCBOX       ; Windows 10 ; 10.0       ; x86_64         ;
; EDA Netlist Writer   ; Fede-PCBOX       ; Windows 10 ; 10.0       ; x86_64         ;
; EDA Netlist Writer   ; Fede-PCBOX       ; Windows 10 ; 10.0       ; x86_64         ;
+----------------------+------------------+------------+------------+----------------+


------------
; Flow Log ;
------------
quartus_map --read_settings_files=on --write_settings_files=off MultiBC -c MultiBC
quartus_fit --read_settings_files=off --write_settings_files=off MultiBC -c MultiBC
quartus_asm --read_settings_files=off --write_settings_files=off MultiBC -c MultiBC
quartus_sta MultiBC -c MultiBC
quartus_eda --read_settings_files=off --write_settings_files=off MultiBC -c MultiBC
quartus_eda --gen_testbench --tool=modelsim_oem --format=vhdl --write_settings_files=off MultiBC -c MultiBC --vector_source=C:/Users/fede_/OneDrive/Documentos/ProyectosQuartus/Tecnicas/V18/MultiBC/Waveform2.vwf --testbench_file=C:/Users/fede_/OneDrive/Documentos/ProyectosQuartus/Tecnicas/V18/MultiBC/simulation/qsim/Waveform2.vwf.vht
quartus_eda --write_settings_files=off --simulation=on --functional=on --flatten_buses=off --tool=modelsim_oem --format=vhdl --output_directory=C:/Users/fede_/OneDrive/Documentos/ProyectosQuartus/Tecnicas/V18/MultiBC/simulation/qsim/ MultiBC -c MultiBC
quartus_eda --gen_testbench --tool=modelsim_oem --format=vhdl --write_settings_files=off MultiBC -c MultiBC --vector_source=C:/Users/fede_/OneDrive/Documentos/ProyectosQuartus/Tecnicas/V18/MultiBC/Waveform2.vwf --testbench_file=C:/Users/fede_/OneDrive/Documentos/ProyectosQuartus/Tecnicas/V18/MultiBC/simulation/qsim/Waveform2.vwf.vht
quartus_eda --write_settings_files=off --simulation=on --functional=off --flatten_buses=off --timescale=1ps --tool=modelsim_oem --format=vhdl --output_directory=C:/Users/fede_/OneDrive/Documentos/ProyectosQuartus/Tecnicas/V18/MultiBC/simulation/qsim/ MultiBC -c MultiBC



