Analysis & Synthesis report for ParteF
Sun Nov 02 22:46:01 2025
Quartus Prime Version 18.1.0 Build 625 09/12/2018 SJ Lite Edition


---------------------
; Table of Contents ;
---------------------
  1. Legal Notice
  2. Analysis & Synthesis Summary
  3. Analysis & Synthesis Settings
  4. Parallel Compilation
  5. Analysis & Synthesis Source Files Read
  6. Analysis & Synthesis Resource Usage Summary
  7. Analysis & Synthesis Resource Utilization by Entity
  8. State Machine - |ParteF|I2Control:inst|fstate
  9. General Register Statistics
 10. Parameter Settings for User Entity Instance: Contador_ModN:inst27
 11. Parameter Settings for User Entity Instance: Comparador:inst13
 12. Parameter Settings for User Entity Instance: Registro_Shift:inst2
 13. Parameter Settings for User Entity Instance: Contador_ModN:inst3
 14. Parameter Settings for User Entity Instance: Registro_Shift:inst32
 15. Post-Synthesis Netlist Statistics for Top Partition
 16. Elapsed Time Per Partition
 17. Analysis & Synthesis Messages



----------------
; Legal Notice ;
----------------
Copyright (C) 2018  Intel Corporation. All rights reserved.
Your use of Intel Corporation's design tools, logic functions 
and other software and tools, and its AMPP partner logic 
functions, and any output files from any of the foregoing 
(including device programming or simulation files), and any 
associated documentation or information are expressly subject 
to the terms and conditions of the Intel Program License 
Subscription Agreement, the Intel Quartus Prime License Agreement,
the Intel FPGA IP License Agreement, or other applicable license
agreement, including, without limitation, that your use is for
the sole purpose of programming logic devices manufactured by
Intel and sold by Intel or its authorized distributors.  Please
refer to the applicable agreement for further details.



+----------------------------------------------------------------------------------+
; Analysis & Synthesis Summary                                                     ;
+------------------------------------+---------------------------------------------+
; Analysis & Synthesis Status        ; Successful - Sun Nov 02 22:46:01 2025       ;
; Quartus Prime Version              ; 18.1.0 Build 625 09/12/2018 SJ Lite Edition ;
; Revision Name                      ; ParteF                                      ;
; Top-level Entity Name              ; ParteF                                      ;
; Family                             ; Cyclone IV E                                ;
; Total logic elements               ; 29                                          ;
;     Total combinational functions  ; 21                                          ;
;     Dedicated logic registers      ; 19                                          ;
; Total registers                    ; 19                                          ;
; Total pins                         ; 13                                          ;
; Total virtual pins                 ; 0                                           ;
; Total memory bits                  ; 0                                           ;
; Embedded Multiplier 9-bit elements ; 0                                           ;
; Total PLLs                         ; 0                                           ;
+------------------------------------+---------------------------------------------+


+------------------------------------------------------------------------------------------------------------+
; Analysis & Synthesis Settings                                                                              ;
+------------------------------------------------------------------+--------------------+--------------------+
; Option                                                           ; Setting            ; Default Value      ;
+------------------------------------------------------------------+--------------------+--------------------+
; Device                                                           ; EP4CE22F17C7       ;                    ;
; Top-level entity name                                            ; ParteF             ; ParteF             ;
; Family name                                                      ; Cyclone IV E       ; Cyclone V          ;
; Use smart compilation                                            ; Off                ; Off                ;
; Enable parallel Assembler and Timing Analyzer during compilation ; On                 ; On                 ;
; Enable compact report table                                      ; Off                ; Off                ;
; Restructure Multiplexers                                         ; Auto               ; Auto               ;
; Create Debugging Nodes for IP Cores                              ; Off                ; Off                ;
; Preserve fewer node names                                        ; On                 ; On                 ;
; Intel FPGA IP Evaluation Mode                                    ; Enable             ; Enable             ;
; Verilog Version                                                  ; Verilog_2001       ; Verilog_2001       ;
; VHDL Version                                                     ; VHDL_1993          ; VHDL_1993          ;
; State Machine Processing                                         ; Auto               ; Auto               ;
; Safe State Machine                                               ; Off                ; Off                ;
; Extract Verilog State Machines                                   ; On                 ; On                 ;
; Extract VHDL State Machines                                      ; On                 ; On                 ;
; Ignore Verilog initial constructs                                ; Off                ; Off                ;
; Iteration limit for constant Verilog loops                       ; 5000               ; 5000               ;
; Iteration limit for non-constant Verilog loops                   ; 250                ; 250                ;
; Add Pass-Through Logic to Inferred RAMs                          ; On                 ; On                 ;
; Infer RAMs from Raw Logic                                        ; On                 ; On                 ;
; Parallel Synthesis                                               ; On                 ; On                 ;
; DSP Block Balancing                                              ; Auto               ; Auto               ;
; NOT Gate Push-Back                                               ; On                 ; On                 ;
; Power-Up Don't Care                                              ; On                 ; On                 ;
; Remove Redundant Logic Cells                                     ; Off                ; Off                ;
; Remove Duplicate Registers                                       ; On                 ; On                 ;
; Ignore CARRY Buffers                                             ; Off                ; Off                ;
; Ignore CASCADE Buffers                                           ; Off                ; Off                ;
; Ignore GLOBAL Buffers                                            ; Off                ; Off                ;
; Ignore ROW GLOBAL Buffers                                        ; Off                ; Off                ;
; Ignore LCELL Buffers                                             ; Off                ; Off                ;
; Ignore SOFT Buffers                                              ; On                 ; On                 ;
; Limit AHDL Integers to 32 Bits                                   ; Off                ; Off                ;
; Optimization Technique                                           ; Balanced           ; Balanced           ;
; Carry Chain Length                                               ; 70                 ; 70                 ;
; Auto Carry Chains                                                ; On                 ; On                 ;
; Auto Open-Drain Pins                                             ; On                 ; On                 ;
; Perform WYSIWYG Primitive Resynthesis                            ; Off                ; Off                ;
; Auto ROM Replacement                                             ; On                 ; On                 ;
; Auto RAM Replacement                                             ; On                 ; On                 ;
; Auto DSP Block Replacement                                       ; On                 ; On                 ;
; Auto Shift Register Replacement                                  ; Auto               ; Auto               ;
; Allow Shift Register Merging across Hierarchies                  ; Auto               ; Auto               ;
; Auto Clock Enable Replacement                                    ; On                 ; On                 ;
; Strict RAM Replacement                                           ; Off                ; Off                ;
; Allow Synchronous Control Signals                                ; On                 ; On                 ;
; Force Use of Synchronous Clear Signals                           ; Off                ; Off                ;
; Auto RAM Block Balancing                                         ; On                 ; On                 ;
; Auto RAM to Logic Cell Conversion                                ; Off                ; Off                ;
; Auto Resource Sharing                                            ; Off                ; Off                ;
; Allow Any RAM Size For Recognition                               ; Off                ; Off                ;
; Allow Any ROM Size For Recognition                               ; Off                ; Off                ;
; Allow Any Shift Register Size For Recognition                    ; Off                ; Off                ;
; Use LogicLock Constraints during Resource Balancing              ; On                 ; On                 ;
; Ignore translate_off and synthesis_off directives                ; Off                ; Off                ;
; Timing-Driven Synthesis                                          ; On                 ; On                 ;
; Report Parameter Settings                                        ; On                 ; On                 ;
; Report Source Assignments                                        ; On                 ; On                 ;
; Report Connectivity Checks                                       ; On                 ; On                 ;
; Ignore Maximum Fan-Out Assignments                               ; Off                ; Off                ;
; Synchronization Register Chain Length                            ; 2                  ; 2                  ;
; Power Optimization During Synthesis                              ; Normal compilation ; Normal compilation ;
; HDL message level                                                ; Level2             ; Level2             ;
; Suppress Register Optimization Related Messages                  ; Off                ; Off                ;
; Number of Removed Registers Reported in Synthesis Report         ; 5000               ; 5000               ;
; Number of Swept Nodes Reported in Synthesis Report               ; 5000               ; 5000               ;
; Number of Inverted Registers Reported in Synthesis Report        ; 100                ; 100                ;
; Clock MUX Protection                                             ; On                 ; On                 ;
; Auto Gated Clock Conversion                                      ; Off                ; Off                ;
; Block Design Naming                                              ; Auto               ; Auto               ;
; SDC constraint protection                                        ; Off                ; Off                ;
; Synthesis Effort                                                 ; Auto               ; Auto               ;
; Shift Register Replacement - Allow Asynchronous Clear Signal     ; On                 ; On                 ;
; Pre-Mapping Resynthesis Optimization                             ; Off                ; Off                ;
; Analysis & Synthesis Message Level                               ; Medium             ; Medium             ;
; Disable Register Merging Across Hierarchies                      ; Auto               ; Auto               ;
; Resource Aware Inference For Block RAM                           ; On                 ; On                 ;
+------------------------------------------------------------------+--------------------+--------------------+


+------------------------------------------+
; Parallel Compilation                     ;
+----------------------------+-------------+
; Processors                 ; Number      ;
+----------------------------+-------------+
; Number detected on machine ; 8           ;
; Maximum allowed            ; 4           ;
;                            ;             ;
; Average used               ; 1.00        ;
; Maximum used               ; 4           ;
;                            ;             ;
; Usage by Processor         ; % Time Used ;
;     Processor 1            ; 100.0%      ;
;     Processors 2-4         ;   0.0%      ;
+----------------------------+-------------+


+---------------------------------------------------------------------------------------------------------------------------------------------------------------------------------------------------+
; Analysis & Synthesis Source Files Read                                                                                                                                                            ;
+----------------------------------+-----------------+------------------------------------+-----------------------------------------------------------------------------------------------+---------+
; File Name with User-Entered Path ; Used in Netlist ; File Type                          ; File Name with Absolute Path                                                                  ; Library ;
+----------------------------------+-----------------+------------------------------------+-----------------------------------------------------------------------------------------------+---------+
; ParteF.bdf                       ; yes             ; User Block Diagram/Schematic File  ; C:/Users/fede_/OneDrive/Documentos/ProyectosQuartus/Tecnicas/V18/ParteF/ParteF.bdf            ;         ;
; Contador_ModN.vhd                ; yes             ; User VHDL File                     ; C:/Users/fede_/OneDrive/Documentos/ProyectosQuartus/Tecnicas/V18/ParteF/Contador_ModN.vhd     ;         ;
; Registro_Shift.vhd               ; yes             ; User VHDL File                     ; C:/Users/fede_/OneDrive/Documentos/ProyectosQuartus/Tecnicas/V18/ParteF/Registro_Shift.vhd    ;         ;
; Direccion_esclavo.vhd            ; yes             ; User VHDL File                     ; C:/Users/fede_/OneDrive/Documentos/ProyectosQuartus/Tecnicas/V18/ParteF/Direccion_esclavo.vhd ;         ;
; Comparador.vhd                   ; yes             ; User VHDL File                     ; C:/Users/fede_/OneDrive/Documentos/ProyectosQuartus/Tecnicas/V18/ParteF/Comparador.vhd        ;         ;
; I2Control.vhd                    ; yes             ; User VHDL File                     ; C:/Users/fede_/OneDrive/Documentos/ProyectosQuartus/Tecnicas/V18/ParteF/I2Control.vhd         ;         ;
+----------------------------------+-----------------+------------------------------------+-----------------------------------------------------------------------------------------------+---------+


+-----------------------------------------------------+
; Analysis & Synthesis Resource Usage Summary         ;
+---------------------------------------------+-------+
; Resource                                    ; Usage ;
+---------------------------------------------+-------+
; Estimated Total logic elements              ; 29    ;
;                                             ;       ;
; Total combinational functions               ; 21    ;
; Logic element usage by number of LUT inputs ;       ;
;     -- 4 input functions                    ; 8     ;
;     -- 3 input functions                    ; 8     ;
;     -- <=2 input functions                  ; 5     ;
;                                             ;       ;
; Logic elements by mode                      ;       ;
;     -- normal mode                          ; 21    ;
;     -- arithmetic mode                      ; 0     ;
;                                             ;       ;
; Total registers                             ; 19    ;
;     -- Dedicated logic registers            ; 19    ;
;     -- I/O registers                        ; 0     ;
;                                             ;       ;
; I/O pins                                    ; 13    ;
;                                             ;       ;
; Embedded Multiplier 9-bit elements          ; 0     ;
;                                             ;       ;
; Maximum fan-out node                        ; inst5 ;
; Maximum fan-out                             ; 10    ;
; Total fan-out                               ; 132   ;
; Average fan-out                             ; 2.00  ;
+---------------------------------------------+-------+


+----------------------------------------------------------------------------------------------------------------------------------------------------------------------------------------------------------------------+
; Analysis & Synthesis Resource Utilization by Entity                                                                                                                                                                  ;
+----------------------------+---------------------+---------------------------+-------------+--------------+---------+-----------+------+--------------+------------------------------+----------------+--------------+
; Compilation Hierarchy Node ; Combinational ALUTs ; Dedicated Logic Registers ; Memory Bits ; DSP Elements ; DSP 9x9 ; DSP 18x18 ; Pins ; Virtual Pins ; Full Hierarchy Name          ; Entity Name    ; Library Name ;
+----------------------------+---------------------+---------------------------+-------------+--------------+---------+-----------+------+--------------+------------------------------+----------------+--------------+
; |ParteF                    ; 21 (3)              ; 19 (0)                    ; 0           ; 0            ; 0       ; 0         ; 13   ; 0            ; |ParteF                      ; ParteF         ; work         ;
;    |Comparador:inst13|     ; 3 (3)               ; 0 (0)                     ; 0           ; 0            ; 0       ; 0         ; 0    ; 0            ; |ParteF|Comparador:inst13    ; Comparador     ; work         ;
;    |Contador_ModN:inst27|  ; 4 (4)               ; 3 (3)                     ; 0           ; 0            ; 0       ; 0         ; 0    ; 0            ; |ParteF|Contador_ModN:inst27 ; Contador_ModN  ; work         ;
;    |Contador_ModN:inst3|   ; 5 (5)               ; 4 (4)                     ; 0           ; 0            ; 0       ; 0         ; 0    ; 0            ; |ParteF|Contador_ModN:inst3  ; Contador_ModN  ; work         ;
;    |I2Control:inst|        ; 6 (6)               ; 5 (5)                     ; 0           ; 0            ; 0       ; 0         ; 0    ; 0            ; |ParteF|I2Control:inst       ; I2Control      ; work         ;
;    |Registro_Shift:inst2|  ; 0 (0)               ; 7 (7)                     ; 0           ; 0            ; 0       ; 0         ; 0    ; 0            ; |ParteF|Registro_Shift:inst2 ; Registro_Shift ; work         ;
+----------------------------+---------------------+---------------------------+-------------+--------------+---------+-----------+------+--------------+------------------------------+----------------+--------------+
Note: For table entries with two numbers listed, the numbers in parentheses indicate the number of resources of the given type used by the specific entity alone. The numbers listed outside of parentheses indicate the total resources of the given type used by the specific entity and all of its sub-entities in the hierarchy.


Encoding Type:  One-Hot
+-----------------------------------------------------------------------------------------------------------+
; State Machine - |ParteF|I2Control:inst|fstate                                                             ;
+---------------------+---------------------+------------+------------+--------------------+----------------+
; Name                ; fstate.Guardar_dato ; fstate.ACK ; fstate.R_W ; fstate.Guardar_Dir ; fstate.Oscioso ;
+---------------------+---------------------+------------+------------+--------------------+----------------+
; fstate.Oscioso      ; 0                   ; 0          ; 0          ; 0                  ; 0              ;
; fstate.Guardar_Dir  ; 0                   ; 0          ; 0          ; 1                  ; 1              ;
; fstate.R_W          ; 0                   ; 0          ; 1          ; 0                  ; 1              ;
; fstate.ACK          ; 0                   ; 1          ; 0          ; 0                  ; 1              ;
; fstate.Guardar_dato ; 1                   ; 0          ; 0          ; 0                  ; 1              ;
+---------------------+---------------------+------------+------------+--------------------+----------------+


+------------------------------------------------------+
; General Register Statistics                          ;
+----------------------------------------------+-------+
; Statistic                                    ; Value ;
+----------------------------------------------+-------+
; Total registers                              ; 19    ;
; Number of registers using Synchronous Clear  ; 0     ;
; Number of registers using Synchronous Load   ; 0     ;
; Number of registers using Asynchronous Clear ; 7     ;
; Number of registers using Asynchronous Load  ; 0     ;
; Number of registers using Clock Enable       ; 0     ;
; Number of registers using Preset             ; 0     ;
+----------------------------------------------+-------+


+-------------------------------------------------------------------+
; Parameter Settings for User Entity Instance: Contador_ModN:inst27 ;
+----------------+-------+------------------------------------------+
; Parameter Name ; Value ; Type                                     ;
+----------------+-------+------------------------------------------+
; n              ; 7     ; Signed Integer                           ;
+----------------+-------+------------------------------------------+
Note: In order to hide this table in the UI and the text report file, please set the "Show Parameter Settings in Synthesis Report" option in "Analysis and Synthesis Settings -> More Settings" to "Off".


+----------------------------------------------------------------+
; Parameter Settings for User Entity Instance: Comparador:inst13 ;
+----------------+-------+---------------------------------------+
; Parameter Name ; Value ; Type                                  ;
+----------------+-------+---------------------------------------+
; n              ; 7     ; Signed Integer                        ;
+----------------+-------+---------------------------------------+
Note: In order to hide this table in the UI and the text report file, please set the "Show Parameter Settings in Synthesis Report" option in "Analysis and Synthesis Settings -> More Settings" to "Off".


+-------------------------------------------------------------------+
; Parameter Settings for User Entity Instance: Registro_Shift:inst2 ;
+----------------+-------+------------------------------------------+
; Parameter Name ; Value ; Type                                     ;
+----------------+-------+------------------------------------------+
; n              ; 7     ; Signed Integer                           ;
+----------------+-------+------------------------------------------+
Note: In order to hide this table in the UI and the text report file, please set the "Show Parameter Settings in Synthesis Report" option in "Analysis and Synthesis Settings -> More Settings" to "Off".


+------------------------------------------------------------------+
; Parameter Settings for User Entity Instance: Contador_ModN:inst3 ;
+----------------+-------+-----------------------------------------+
; Parameter Name ; Value ; Type                                    ;
+----------------+-------+-----------------------------------------+
; n              ; 8     ; Signed Integer                          ;
+----------------+-------+-----------------------------------------+
Note: In order to hide this table in the UI and the text report file, please set the "Show Parameter Settings in Synthesis Report" option in "Analysis and Synthesis Settings -> More Settings" to "Off".


+--------------------------------------------------------------------+
; Parameter Settings for User Entity Instance: Registro_Shift:inst32 ;
+----------------+-------+-------------------------------------------+
; Parameter Name ; Value ; Type                                      ;
+----------------+-------+-------------------------------------------+
; n              ; 8     ; Signed Integer                            ;
+----------------+-------+-------------------------------------------+
Note: In order to hide this table in the UI and the text report file, please set the "Show Parameter Settings in Synthesis Report" option in "Analysis and Synthesis Settings -> More Settings" to "Off".


+-----------------------------------------------------+
; Post-Synthesis Netlist Statistics for Top Partition ;
+-----------------------+-----------------------------+
; Type                  ; Count                       ;
+-----------------------+-----------------------------+
; boundary_port         ; 13                          ;
; cycloneiii_ff         ; 19                          ;
;     CLR               ; 7                           ;
;     plain             ; 12                          ;
; cycloneiii_lcell_comb ; 22                          ;
;     normal            ; 22                          ;
;         0 data inputs ; 1                           ;
;         1 data inputs ; 1                           ;
;         2 data inputs ; 4                           ;
;         3 data inputs ; 8                           ;
;         4 data inputs ; 8                           ;
;                       ;                             ;
; Max LUT depth         ; 3.00                        ;
; Average LUT depth     ; 1.91                        ;
+-----------------------+-----------------------------+


+-------------------------------+
; Elapsed Time Per Partition    ;
+----------------+--------------+
; Partition Name ; Elapsed Time ;
+----------------+--------------+
; Top            ; 00:00:00     ;
+----------------+--------------+


+-------------------------------+
; Analysis & Synthesis Messages ;
+-------------------------------+
Info: *******************************************************************
Info: Running Quartus Prime Analysis & Synthesis
    Info: Version 18.1.0 Build 625 09/12/2018 SJ Lite Edition
    Info: Processing started: Sun Nov 02 22:45:44 2025
Info: Command: quartus_map --read_settings_files=on --write_settings_files=off ParteF -c ParteF
Warning (18236): Number of processors has not been specified which may cause overloading on shared machines.  Set the global assignment NUM_PARALLEL_PROCESSORS in your QSF to an appropriate value for best performance.
Info (20030): Parallel compilation is enabled and will use 4 of the 4 processors detected
Info (12021): Found 1 design units, including 1 entities, in source file partef.bdf
    Info (12023): Found entity 1: ParteF
Info (12021): Found 2 design units, including 1 entities, in source file contador_modn.vhd
    Info (12022): Found design unit 1: Contador_ModN-Behavioral File: C:/Users/fede_/OneDrive/Documentos/ProyectosQuartus/Tecnicas/V18/ParteF/Contador_ModN.vhd Line: 18
    Info (12023): Found entity 1: Contador_ModN File: C:/Users/fede_/OneDrive/Documentos/ProyectosQuartus/Tecnicas/V18/ParteF/Contador_ModN.vhd Line: 5
Info (12021): Found 2 design units, including 1 entities, in source file registro_shift.vhd
    Info (12022): Found design unit 1: Registro_Shift-Behavioral File: C:/Users/fede_/OneDrive/Documentos/ProyectosQuartus/Tecnicas/V18/ParteF/Registro_Shift.vhd Line: 18
    Info (12023): Found entity 1: Registro_Shift File: C:/Users/fede_/OneDrive/Documentos/ProyectosQuartus/Tecnicas/V18/ParteF/Registro_Shift.vhd Line: 5
Info (12021): Found 2 design units, including 1 entities, in source file direccion_esclavo.vhd
    Info (12022): Found design unit 1: Direccion_esclavo-Behavioral File: C:/Users/fede_/OneDrive/Documentos/ProyectosQuartus/Tecnicas/V18/ParteF/Direccion_esclavo.vhd Line: 14
    Info (12023): Found entity 1: Direccion_esclavo File: C:/Users/fede_/OneDrive/Documentos/ProyectosQuartus/Tecnicas/V18/ParteF/Direccion_esclavo.vhd Line: 4
Info (12021): Found 2 design units, including 1 entities, in source file comparador.vhd
    Info (12022): Found design unit 1: Comparador-Behavioral File: C:/Users/fede_/OneDrive/Documentos/ProyectosQuartus/Tecnicas/V18/ParteF/Comparador.vhd Line: 16
    Info (12023): Found entity 1: Comparador File: C:/Users/fede_/OneDrive/Documentos/ProyectosQuartus/Tecnicas/V18/ParteF/Comparador.vhd Line: 4
Info (12021): Found 2 design units, including 1 entities, in source file i2control.vhd
    Info (12022): Found design unit 1: I2Control-BEHAVIOR File: C:/Users/fede_/OneDrive/Documentos/ProyectosQuartus/Tecnicas/V18/ParteF/I2Control.vhd Line: 35
    Info (12023): Found entity 1: I2Control File: C:/Users/fede_/OneDrive/Documentos/ProyectosQuartus/Tecnicas/V18/ParteF/I2Control.vhd Line: 21
Info (12127): Elaborating entity "ParteF" for the top level hierarchy
Info (12128): Elaborating entity "Contador_ModN" for hierarchy "Contador_ModN:inst27"
Info (12128): Elaborating entity "I2Control" for hierarchy "I2Control:inst"
Info (12128): Elaborating entity "Comparador" for hierarchy "Comparador:inst13"
Info (12128): Elaborating entity "Registro_Shift" for hierarchy "Registro_Shift:inst2"
Info (12128): Elaborating entity "Direccion_esclavo" for hierarchy "Direccion_esclavo:inst14"
Info (12128): Elaborating entity "Contador_ModN" for hierarchy "Contador_ModN:inst3"
Info (12128): Elaborating entity "Registro_Shift" for hierarchy "Registro_Shift:inst32"
Warning (13024): Output pins are stuck at VCC or GND
    Warning (13410): Pin "Salida[3]" is stuck at GND
Info (286030): Timing-Driven Synthesis is running
Info (16010): Generating hard_block partition "hard_block:auto_generated_inst"
    Info (16011): Adding 0 node(s), including 0 DDIO, 0 PLL, 0 transceiver and 0 LCELL
Info (21057): Implemented 42 device resources after synthesis - the final resource count might be different
    Info (21058): Implemented 3 input pins
    Info (21059): Implemented 10 output pins
    Info (21061): Implemented 29 logic cells
Info: Quartus Prime Analysis & Synthesis was successful. 0 errors, 3 warnings
    Info: Peak virtual memory: 4797 megabytes
    Info: Processing ended: Sun Nov 02 22:46:01 2025
    Info: Elapsed time: 00:00:17
    Info: Total CPU time (on all processors): 00:00:40


